Determining if the pthread_create exist failed with the following output:
Change Dir: /home/cv2team12/CV2_ass3/Code/build/CMakeFiles/CMakeTmp

Run Build Command:"/usr/bin/gmake" "cmTC_aa015/fast"
/usr/bin/gmake -f CMakeFiles/cmTC_aa015.dir/build.make CMakeFiles/cmTC_aa015.dir/build
gmake[1]: Entering directory '/home/cv2team12/CV2_ass3/Code/build/CMakeFiles/CMakeTmp'
Building C object CMakeFiles/cmTC_aa015.dir/CheckSymbolExists.c.o
/usr/bin/cc    -o CMakeFiles/cmTC_aa015.dir/CheckSymbolExists.c.o   -c /home/cv2team12/CV2_ass3/Code/build/CMakeFiles/CMakeTmp/CheckSymbolExists.c
Linking C executable cmTC_aa015
/usr/bin/cmake -E cmake_link_script CMakeFiles/cmTC_aa015.dir/link.txt --verbose=1
/usr/bin/cc      -rdynamic CMakeFiles/cmTC_aa015.dir/CheckSymbolExists.c.o  -o cmTC_aa015 
CMakeFiles/cmTC_aa015.dir/CheckSymbolExists.c.o: In function `main':
CheckSymbolExists.c:(.text+0x16): undefined reference to `pthread_create'
collect2: error: ld returned 1 exit status
gmake[1]: *** [CMakeFiles/cmTC_aa015.dir/build.make:98: cmTC_aa015] Error 1
gmake[1]: Leaving directory '/home/cv2team12/CV2_ass3/Code/build/CMakeFiles/CMakeTmp'
gmake: *** [Makefile:126: cmTC_aa015/fast] Error 2

File /home/cv2team12/CV2_ass3/Code/build/CMakeFiles/CMakeTmp/CheckSymbolExists.c:
/* */
#include <pthread.h>

int main(int argc, char** argv)
{
  (void)argv;
#ifndef pthread_create
  return ((int*)(&pthread_create))[argc];
#else
  (void)argc;
  return 0;
#endif
}

Determining if the function pthread_create exists in the pthreads failed with the following output:
Change Dir: /home/cv2team12/CV2_ass3/Code/build/CMakeFiles/CMakeTmp

Run Build Command:"/usr/bin/gmake" "cmTC_c78a6/fast"
/usr/bin/gmake -f CMakeFiles/cmTC_c78a6.dir/build.make CMakeFiles/cmTC_c78a6.dir/build
gmake[1]: Entering directory '/home/cv2team12/CV2_ass3/Code/build/CMakeFiles/CMakeTmp'
Building C object CMakeFiles/cmTC_c78a6.dir/CheckFunctionExists.c.o
/usr/bin/cc   -DCHECK_FUNCTION_EXISTS=pthread_create   -o CMakeFiles/cmTC_c78a6.dir/CheckFunctionExists.c.o   -c /usr/share/cmake/Modules/CheckFunctionExists.c
Linking C executable cmTC_c78a6
/usr/bin/cmake -E cmake_link_script CMakeFiles/cmTC_c78a6.dir/link.txt --verbose=1
/usr/bin/cc  -DCHECK_FUNCTION_EXISTS=pthread_create    -rdynamic CMakeFiles/cmTC_c78a6.dir/CheckFunctionExists.c.o  -o cmTC_c78a6 -lpthreads 
/usr/bin/ld: cannot find -lpthreads
collect2: error: ld returned 1 exit status
gmake[1]: *** [CMakeFiles/cmTC_c78a6.dir/build.make:98: cmTC_c78a6] Error 1
gmake[1]: Leaving directory '/home/cv2team12/CV2_ass3/Code/build/CMakeFiles/CMakeTmp'
gmake: *** [Makefile:126: cmTC_c78a6/fast] Error 2


